Exception on /federation/search [GET]
Traceback (most recent call last):
  File "/home/dnaidoo/Documents/federation_service/fed_env/lib/python3.7/site-packages/flask/app.py", line 2446, in wsgi_app
    response = self.full_dispatch_request()
  File "/home/dnaidoo/Documents/federation_service/fed_env/lib/python3.7/site-packages/flask/app.py", line 1951, in full_dispatch_request
    rv = self.handle_user_exception(e)
  File "/home/dnaidoo/Documents/federation_service/fed_env/lib/python3.7/site-packages/flask/app.py", line 1820, in handle_user_exception
    reraise(exc_type, exc_value, tb)
  File "/home/dnaidoo/Documents/federation_service/fed_env/lib/python3.7/site-packages/flask/_compat.py", line 39, in reraise
    raise value
  File "/home/dnaidoo/Documents/federation_service/fed_env/lib/python3.7/site-packages/flask/app.py", line 1949, in full_dispatch_request
    rv = self.dispatch_request()
  File "/home/dnaidoo/Documents/federation_service/fed_env/lib/python3.7/site-packages/flask/app.py", line 1935, in dispatch_request
    return self.view_functions[rule.endpoint](**req.view_args)
  File "/home/dnaidoo/Documents/federation_service/fed_env/lib/python3.7/site-packages/connexion/decorators/decorator.py", line 48, in wrapper
    response = function(request)
  File "/home/dnaidoo/Documents/federation_service/fed_env/lib/python3.7/site-packages/connexion/decorators/uri_parsing.py", line 143, in wrapper
    response = function(request)
  File "/home/dnaidoo/Documents/federation_service/fed_env/lib/python3.7/site-packages/connexion/decorators/validation.py", line 347, in wrapper
    return function(request)
  File "/home/dnaidoo/Documents/federation_service/fed_env/lib/python3.7/site-packages/connexion/decorators/response.py", line 109, in wrapper
    response = function(request)
  File "/home/dnaidoo/Documents/federation_service/fed_env/lib/python3.7/site-packages/connexion/decorators/parameter.py", line 126, in wrapper
    return function(**kwargs)
TypeError: get_search() missing 1 required positional argument: 'payload'
